[35m[Appium][39m Available drivers:
[35m[Appium][39m   - uiautomator2@2.45.1 (automationName 'UiAutomator2')
[35m[Appium][39m No plugins have been installed. Use the "appium plugin" command to install the one(s) you want to use.
[38;5;0m[HTTP][0m [37m-->[39m [37mPOST[39m [37m/session[39m
[38;5;0m[HTTP][0m [90m{"capabilities":{"alwaysMatch":{"platformName":"Android","appium:deviceName":"Galaxy A14","appium:platformVersion":"14.0","appium:automationName":"UiAutomator2","appium:app":"C:\\Users\\nadia.natasa\\sanbers\\diet-meal\\test\\apk\\dietMeal.apk","appium:appPackage":"com.fghilmany.dietmealapp","appium:appActivity":".ui.main.MainActivity","appium:noReset":true,"appium:forceAppLaunch":true},"firstMatch":[{}]},"desiredCapabilities":{"platformName":"Android","appium:deviceName":"Galaxy A14","appium:platformVersion":"14.0","appium:automationName":"UiAutomator2","appium:app":"C:\\Users\\nadia.natasa\\sanbers\\diet-meal\\test\\apk\\dietMeal.apk","appium:appPackage":"com.fghilmany.dietmealapp","appium:appActivity":".ui.main.MainActivity","appium:noReset":true,"appium:forceAppLaunch":true}}[39m
[38;5;16m[AppiumDriver@7312][0m Calling AppiumDriver.createSession() with args: [{"platformName":"Android","appium:deviceName":"Galaxy A14","appium:platformVersion":"14.0","appium:automationName":"UiAutomator2","appium:app":"C:\\Users\\nadia.natasa\\sanbers\\diet-meal\\test\\apk\\dietMeal.apk","appium:appPackage":"com.fghilmany.dietmealapp","appium:appActivity":".ui.main.MainActivity","appium:noReset":true,"appium:forceAppLaunch":true},null,{"alwaysMatch":{"platformName":"Android","appium:deviceName":"Galaxy A14","appium:platformVersion":"14.0","appium:automationName":"UiAutomator2","appium:app":"C:\\Users\\nadia.natasa\\sanbers\\diet-meal\\test\\apk\\dietMeal.apk","appium:appPackage":"com.fghilmany.dietmealapp","appium:appActivity":".ui.main.MainActivity","appium:noReset":true,"appium:forceAppLaunch":true},"firstMatch":[{}]}]
[38;5;16m[AppiumDriver@7312][0m Event 'newSessionRequested' logged at 1717128688990 (11:11:28 GMT+0700 (Indochina Time))
[35m[Appium][39m Attempting to find matching driver for automationName 'UiAutomator2' and platformName 'Android'
[35m[Appium][39m The 'uiautomator2' driver was installed and matched caps.
[35m[Appium][39m Will require it at C:\Users\nadia.natasa\sanbers\diet-meal\node_modules\appium-uiautomator2-driver
[35m[Appium][39m Requiring driver at C:\Users\nadia.natasa\sanbers\diet-meal\node_modules\appium-uiautomator2-driver\build\index.js
[38;5;16m[AppiumDriver@7312][0m Appium v2.6.0 creating new AndroidUiautomator2Driver (v2.45.1) session
[38;5;16m[AppiumDriver@7312][0m Checking BaseDriver versions for Appium and AndroidUiautomator2Driver
[38;5;16m[AppiumDriver@7312][0m Appium's BaseDriver version is 9.7.0
[38;5;16m[AppiumDriver@7312][0m AndroidUiautomator2Driver's BaseDriver version is 9.5.1
[38;5;32m[AndroidUiautomator2Driver@6051][0m Creating session with W3C capabilities: {
[38;5;32m[AndroidUiautomator2Driver@6051][0m   "alwaysMatch": {
[38;5;32m[AndroidUiautomator2Driver@6051][0m     "platformName": "Android",
[38;5;32m[AndroidUiautomator2Driver@6051][0m     "appium:deviceName": "Galaxy A14",
[38;5;32m[AndroidUiautomator2Driver@6051][0m     "appium:platformVersion": "14.0",
[38;5;32m[AndroidUiautomator2Driver@6051][0m     "appium:automationName": "UiAutomator2",
[38;5;32m[AndroidUiautomator2Driver@6051][0m     "appium:app": "C:\\Users\\nadia.natasa\\sanbers\\diet-meal\\test\\apk\\dietMeal.apk",
[38;5;32m[AndroidUiautomator2Driver@6051][0m     "appium:appPackage": "com.fghilmany.dietmealapp",
[38;5;32m[AndroidUiautomator2Driver@6051][0m     "appium:appActivity": ".ui.main.MainActivity",
[38;5;32m[AndroidUiautomator2Driver@6051][0m     "appium:noReset": true,
[38;5;32m[AndroidUiautomator2Driver@6051][0m     "appium:forceAppLaunch": true
[38;5;32m[AndroidUiautomator2Driver@6051][0m   },
[38;5;32m[AndroidUiautomator2Driver@6051][0m   "firstMatch": [
[38;5;32m[AndroidUiautomator2Driver@6051][0m     {}
[38;5;32m[AndroidUiautomator2Driver@6051][0m   ]
[38;5;32m[AndroidUiautomator2Driver@6051][0m }
[38;5;32m[AndroidUiautomator2Driver@6051 (349b0fde)][0m Session created with session id: 349b0fde-7add-4f3c-a907-4f608e9d3d6c
[38;5;48m[ADB][0m Found 1 'build-tools' folders under 'C:\Users\nadia.natasa\AppData\Local\Android\Sdk' (newest first):
[38;5;48m[ADB][0m     C:\Users\nadia.natasa\AppData\Local\Android\Sdk\build-tools\34.0.0
[38;5;48m[ADB][0m Using 'adb.exe' from 'C:\Users\nadia.natasa\AppData\Local\Android\Sdk\platform-tools\adb.exe'
[38;5;48m[ADB][0m Running 'C:\Users\nadia.natasa\AppData\Local\Android\Sdk\platform-tools\adb.exe -P 5037 start-server'
[38;5;32m[AndroidUiautomator2Driver@6051 (349b0fde)][0m Retrieving device list
[38;5;48m[ADB][0m Trying to find connected Android devices
[38;5;48m[ADB][0m Getting connected devices
[38;5;48m[ADB][0m Connected devices: [{"udid":"RR8W3038G4T","state":"device"}]
[38;5;32m[AndroidUiautomator2Driver@6051 (349b0fde)][0m Looking for a device with Android '14.0.0'
[38;5;48m[ADB][0m Setting device id to RR8W3038G4T
[38;5;48m[ADB][0m Getting device platform version
[38;5;48m[ADB][0m Running 'C:\Users\nadia.natasa\AppData\Local\Android\Sdk\platform-tools\adb.exe -P 5037 -s RR8W3038G4T shell getprop ro.build.version.release'
[38;5;48m[ADB][0m Current device property 'ro.build.version.release': 14
[38;5;32m[AndroidUiautomator2Driver@6051 (349b0fde)][0m Using device: RR8W3038G4T
[38;5;48m[ADB][0m Using 'adb.exe' from 'C:\Users\nadia.natasa\AppData\Local\Android\Sdk\platform-tools\adb.exe'
[38;5;48m[ADB][0m Running 'C:\Users\nadia.natasa\AppData\Local\Android\Sdk\platform-tools\adb.exe -P 5037 start-server'
[38;5;48m[ADB][0m Setting device id to RR8W3038G4T
[38;5;64m[BaseDriver][0m Using local app 'C:\Users\nadia.natasa\sanbers\diet-meal\test\apk\dietMeal.apk'
[38;5;32m[AndroidUiautomator2Driver@6051 (349b0fde)][0m Checking whether app is actually present
[38;5;48m[ADB][0m Running 'C:\Users\nadia.natasa\AppData\Local\Android\Sdk\platform-tools\adb.exe -P 5037 -s RR8W3038G4T shell getprop ro.build.version.sdk'
[38;5;48m[ADB][0m Current device property 'ro.build.version.sdk': 34
[38;5;48m[ADB][0m Getting device platform version
[38;5;48m[ADB][0m Running 'C:\Users\nadia.natasa\AppData\Local\Android\Sdk\platform-tools\adb.exe -P 5037 -s RR8W3038G4T shell getprop ro.build.version.release'
[38;5;48m[ADB][0m Current device property 'ro.build.version.release': 14
[38;5;48m[ADB][0m Device API level: 34
[38;5;32m[AndroidUiautomator2Driver@6051 (349b0fde)][0m Relaxing hidden api policy
[38;5;48m[ADB][0m Running 'C:\Users\nadia.natasa\AppData\Local\Android\Sdk\platform-tools\adb.exe -P 5037 -s RR8W3038G4T shell 'settings put global hidden_api_policy_pre_p_apps 1;settings put global hidden_api_policy_p_apps 1;settings put global hidden_api_policy 1''
[38;5;32m[AndroidUiautomator2Driver@6051 (349b0fde)][0m Pushing settings apk to the device...
[38;5;48m[ADB][0m Getting package info for 'io.appium.settings'
[38;5;48m[ADB][0m Running 'C:\Users\nadia.natasa\AppData\Local\Android\Sdk\platform-tools\adb.exe -P 5037 -s RR8W3038G4T shell dumpsys package io.appium.settings'
[38;5;48m[ADB][0m The version name of the installed 'io.appium.settings' is greater or equal to the application version name ('5.7.5' >= '5.7.5')
[38;5;48m[ADB][0m There is no need to install/upgrade 'C:\Users\nadia.natasa\sanbers\diet-meal\node_modules\appium-uiautomator2-driver\node_modules\io.appium.settings\apks\settings_apk-debug.apk'
[38;5;48m[ADB][0m Running 'C:\Users\nadia.natasa\AppData\Local\Android\Sdk\platform-tools\adb.exe -P 5037 -s RR8W3038G4T shell dumpsys activity services io.appium.settings'
[38;5;32m[AndroidUiautomator2Driver@6051 (349b0fde)][0m io.appium.settings is already running. There is no need to reset its permissions.
[38;5;80m[Logcat][0m Starting logs capture with command: C:\\Users\\nadia.natasa\\AppData\\Local\\Android\\Sdk\\platform-tools\\adb.exe -P 5037 -s RR8W3038G4T logcat -v threadtime
[38;5;48m[ADB][0m Running 'C:\Users\nadia.natasa\AppData\Local\Android\Sdk\platform-tools\adb.exe -P 5037 -s RR8W3038G4T shell appops set io.appium.settings android:mock_location allow'
[38;5;48m[ADB][0m Running 'C:\Users\nadia.natasa\AppData\Local\Android\Sdk\platform-tools\adb.exe -P 5037 -s RR8W3038G4T shell "[ -e '/data/local/tmp/mock_apps.json' ] && echo __PASS__"'
[38;5;48m[ADB][0m Running 'C:\Users\nadia.natasa\AppData\Local\Android\Sdk\platform-tools\adb.exe -P 5037 -s RR8W3038G4T shell cat /data/local/tmp/mock_apps.json'
[38;5;32m[AndroidUiautomator2Driver@6051 (349b0fde)][0m Forwarding UiAutomator2 Server port 6790 to local port 8200
[38;5;48m[ADB][0m Forwarding system: 8200 to device: 6790
[38;5;48m[ADB][0m Running 'C:\Users\nadia.natasa\AppData\Local\Android\Sdk\platform-tools\adb.exe -P 5037 -s RR8W3038G4T forward tcp:8200 tcp:6790'
[38;5;48m[ADB][0m Getting install status for com.fghilmany.dietmealapp
[38;5;48m[ADB][0m Running 'C:\Users\nadia.natasa\AppData\Local\Android\Sdk\platform-tools\adb.exe -P 5037 -s RR8W3038G4T shell pm path com.fghilmany.dietmealapp'
[38;5;48m[ADB][0m Checking app cert for C:\Users\nadia.natasa\sanbers\diet-meal\node_modules\appium-uiautomator2-driver\node_modules\appium-uiautomator2-server\apks\appium-uiautomator2-server-v6.0.9.apk
[38;5;48m[ADB][0m Checking app cert for C:\Users\nadia.natasa\sanbers\diet-meal\node_modules\appium-uiautomator2-driver\node_modules\appium-uiautomator2-server\apks\appium-uiautomator2-server-debug-androidTest.apk
[38;5;48m[ADB][0m Using 'apksigner.jar' from 'C:\Users\nadia.natasa\AppData\Local\Android\Sdk\build-tools\34.0.0\lib\apksigner.jar'
[38;5;48m[ADB][0m Starting apksigner: 'C:\\Program Files\\Java\\jdk-17\\bin\\java.exe' -Xmx1024M -Xss1m -jar C:\\Users\\nadia.natasa\\AppData\\Local\\Android\\Sdk\\build-tools\\34.0.0\\lib\\apksigner.jar verify --print-certs C:\\Users\\nadia.natasa\\sanbers\\diet-meal\\node_modules\\appium-uiautomator2-driver\\node_modules\\appium-uiautomator2-server\\apks\\appium-uiautomator2-server-debug-androidTest.apk
[38;5;48m[ADB][0m Starting apksigner: 'C:\\Program Files\\Java\\jdk-17\\bin\\java.exe' -Xmx1024M -Xss1m -jar C:\\Users\\nadia.natasa\\AppData\\Local\\Android\\Sdk\\build-tools\\34.0.0\\lib\\apksigner.jar verify --print-certs C:\\Users\\nadia.natasa\\sanbers\\diet-meal\\node_modules\\appium-uiautomator2-driver\\node_modules\\appium-uiautomator2-server\\apks\\appium-uiautomator2-server-v6.0.9.apk
[38;5;48m[ADB][0m 'com.fghilmany.dietmealapp' is installed
[38;5;32m[AndroidUiautomator2Driver@6051 (349b0fde)][0m noReset has been requested and the app is already installed. Doing nothing
[38;5;48m[ADB][0m apksigner stdout: Signer #1 certificate DN: EMAILADDRESS=android@android.com, CN=Android, OU=Android, O=Android, L=Mountain View, ST=California, C=US
[38;5;48m[ADB][0m Signer #1 certificate SHA-256 digest: a40da80a59d170caa950cf15c18c454d47a39b26989d8b640ecd745ba71bf5dc
[38;5;48m[ADB][0m Signer #1 certificate SHA-1 digest: 61ed377e85d386a8dfee6b864bd85b0bfaa5af81
[38;5;48m[ADB][0m Signer #1 certificate MD5 digest: e89b158e4bcf988ebd09eb83f5378e87
[38;5;48m[ADB][0m 
[38;5;48m[ADB][0m sha256 hash did match for 'appium-uiautomator2-server-debug-androidTest.apk'
[38;5;48m[ADB][0m 'C:\Users\nadia.natasa\sanbers\diet-meal\node_modules\appium-uiautomator2-driver\node_modules\appium-uiautomator2-server\apks\appium-uiautomator2-server-debug-androidTest.apk' is signed with the default certificate
[38;5;48m[ADB][0m Getting install status for io.appium.uiautomator2.server.test
[38;5;48m[ADB][0m Running 'C:\Users\nadia.natasa\AppData\Local\Android\Sdk\platform-tools\adb.exe -P 5037 -s RR8W3038G4T shell pm path io.appium.uiautomator2.server.test'
[38;5;48m[ADB][0m 'io.appium.uiautomator2.server.test' is installed
[38;5;48m[ADB][0m apksigner stdout: Signer #1 certificate DN: EMAILADDRESS=android@android.com, CN=Android, OU=Android, O=Android, L=Mountain View, ST=California, C=US
[38;5;48m[ADB][0m Signer #1 certificate SHA-256 digest: a40da80a59d170caa950cf15c18c454d47a39b26989d8b640ecd745ba71bf5dc
[38;5;48m[ADB][0m Signer #1 certificate SHA-1 digest: 61ed377e85d386a8dfee6b864bd85b0bfaa5af81
[38;5;48m[ADB][0m Signer #1 certificate MD5 digest: e89b158e4bcf988ebd09eb83f5378e87
[38;5;48m[ADB][0m 
[38;5;48m[ADB][0m sha256 hash did match for 'appium-uiautomator2-server-v6.0.9.apk'
[38;5;48m[ADB][0m 'C:\Users\nadia.natasa\sanbers\diet-meal\node_modules\appium-uiautomator2-driver\node_modules\appium-uiautomator2-server\apks\appium-uiautomator2-server-v6.0.9.apk' is signed with the default certificate
[38;5;48m[ADB][0m Getting package info for 'io.appium.uiautomator2.server'
[38;5;48m[ADB][0m Running 'C:\Users\nadia.natasa\AppData\Local\Android\Sdk\platform-tools\adb.exe -P 5037 -s RR8W3038G4T shell dumpsys package io.appium.uiautomator2.server'
[38;5;48m[ADB][0m The version name of the installed 'io.appium.uiautomator2.server' is greater or equal to the application version name ('6.0.9' >= '6.0.9')
[38;5;32m[AndroidUiautomator2Driver@6051 (349b0fde)][0m Server packages status: [{"wasSigned":true,"installState":"sameVersionInstalled","appPath":"C:\\Users\\nadia.natasa\\sanbers\\diet-meal\\node_modules\\appium-uiautomator2-driver\\node_modules\\appium-uiautomator2-server\\apks\\appium-uiautomator2-server-v6.0.9.apk","appId":"io.appium.uiautomator2.server"},{"wasSigned":true,"installState":"sameVersionInstalled","appPath":"C:\\Users\\nadia.natasa\\sanbers\\diet-meal\\node_modules\\appium-uiautomator2-driver\\node_modules\\appium-uiautomator2-server\\apks\\appium-uiautomator2-server-debug-androidTest.apk","appId":"io.appium.uiautomator2.server.test"}]
[38;5;32m[AndroidUiautomator2Driver@6051 (349b0fde)][0m Server packages are not going to be (re)installed
[38;5;32m[AndroidUiautomator2Driver@6051 (349b0fde)][0m Waiting up to 30000ms for services to be available
[38;5;48m[ADB][0m Running 'C:\Users\nadia.natasa\AppData\Local\Android\Sdk\platform-tools\adb.exe -P 5037 -s RR8W3038G4T shell pm list instrumentation'
[38;5;32m[AndroidUiautomator2Driver@6051 (349b0fde)][0m Instrumentation target 'io.appium.uiautomator2.server.test/androidx.test.runner.AndroidJUnitRunner' is available
[38;5;48m[ADB][0m Adding packages ["io.appium.settings","io.appium.uiautomator2.server","io.appium.uiautomator2.server.test"] to Doze whitelist
[38;5;48m[ADB][0m Got the following command chunks to execute: [["dumpsys","deviceidle","whitelist","+io.appium.settings",";","dumpsys","deviceidle","whitelist","+io.appium.uiautomator2.server",";","dumpsys","deviceidle","whitelist","+io.appium.uiautomator2.server.test",";"]]
[38;5;48m[ADB][0m Running 'C:\Users\nadia.natasa\AppData\Local\Android\Sdk\platform-tools\adb.exe -P 5037 -s RR8W3038G4T shell dumpsys deviceidle whitelist +io.appium.settings ; dumpsys deviceidle whitelist +io.appium.uiautomator2.server ; dumpsys deviceidle whitelist +io.appium.uiautomator2.server.test ;'
[38;5;32m[AndroidUiautomator2Driver@6051 (349b0fde)][0m Performing shallow cleanup of automation leftovers
[38;5;32m[AndroidUiautomator2Driver@6051 (349b0fde)][0m No obsolete sessions have been detected (socket hang up)
[38;5;48m[ADB][0m Running 'C:\Users\nadia.natasa\AppData\Local\Android\Sdk\platform-tools\adb.exe -P 5037 -s RR8W3038G4T shell am force-stop io.appium.uiautomator2.server.test'
[38;5;32m[AndroidUiautomator2Driver@6051 (349b0fde)][0m Starting UIAutomator2 server 6.0.9
[38;5;32m[AndroidUiautomator2Driver@6051 (349b0fde)][0m Using UIAutomator2 server from 'C:\Users\nadia.natasa\sanbers\diet-meal\node_modules\appium-uiautomator2-driver\node_modules\appium-uiautomator2-server\apks\appium-uiautomator2-server-v6.0.9.apk' and test from 'C:\Users\nadia.natasa\sanbers\diet-meal\node_modules\appium-uiautomator2-driver\node_modules\appium-uiautomator2-server\apks\appium-uiautomator2-server-debug-androidTest.apk'
[38;5;32m[AndroidUiautomator2Driver@6051 (349b0fde)][0m Waiting up to 30000ms for UiAutomator2 to be online...
[38;5;48m[ADB][0m Creating ADB subprocess with args: ["-P","5037","-s","RR8W3038G4T","shell","am","instrument","-w","-e","disableAnalytics","true","io.appium.uiautomator2.server.test/androidx.test.runner.AndroidJUnitRunner"]
[38;5;32m[AndroidUiautomator2Driver@6051 (349b0fde)][0m Matched '/status' to command name 'getStatus'
[38;5;32m[AndroidUiautomator2Driver@6051 (349b0fde)][0m Proxying [GET /status] to [GET http://127.0.0.1:8200/status] with no body
[38;5;32m[AndroidUiautomator2Driver@6051 (349b0fde)][0m socket hang up
[38;5;32m[AndroidUiautomator2Driver@6051 (349b0fde)][0m Matched '/status' to command name 'getStatus'
[38;5;32m[AndroidUiautomator2Driver@6051 (349b0fde)][0m Proxying [GET /status] to [GET http://127.0.0.1:8200/status] with no body
[38;5;32m[AndroidUiautomator2Driver@6051 (349b0fde)][0m socket hang up
[38;5;32m[AndroidUiautomator2Driver@6051 (349b0fde)][0m Matched '/status' to command name 'getStatus'
[38;5;32m[AndroidUiautomator2Driver@6051 (349b0fde)][0m Proxying [GET /status] to [GET http://127.0.0.1:8200/status] with no body
[38;5;32m[AndroidUiautomator2Driver@6051 (349b0fde)][0m socket hang up
[38;5;96m[Instrumentation][0m io.appium.uiautomator2.server.test.AppiumUiAutomator2Server:
[38;5;32m[AndroidUiautomator2Driver@6051 (349b0fde)][0m Matched '/status' to command name 'getStatus'
[38;5;32m[AndroidUiautomator2Driver@6051 (349b0fde)][0m Proxying [GET /status] to [GET http://127.0.0.1:8200/status] with no body
[38;5;32m[AndroidUiautomator2Driver@6051 (349b0fde)][0m socket hang up
[38;5;32m[AndroidUiautomator2Driver@6051 (349b0fde)][0m Matched '/status' to command name 'getStatus'
[38;5;32m[AndroidUiautomator2Driver@6051 (349b0fde)][0m Proxying [GET /status] to [GET http://127.0.0.1:8200/status] with no body
[38;5;32m[AndroidUiautomator2Driver@6051 (349b0fde)][0m Got response with status 200: {"sessionId":"None","value":{"message":"UiAutomator2 Server is ready to accept commands","ready":true}}
[38;5;32m[AndroidUiautomator2Driver@6051 (349b0fde)][0m The initialization of the instrumentation process took 4245ms
[38;5;32m[AndroidUiautomator2Driver@6051 (349b0fde)][0m Matched '/session' to command name 'createSession'
[38;5;32m[AndroidUiautomator2Driver@6051 (349b0fde)][0m Proxying [POST /session] to [POST http://127.0.0.1:8200/session] with body: {"capabilities":{"firstMatch":[{"platformName":"Android","deviceName":"RR8W3038G4T","platformVersion":"14.0","automationName":"UiAutomator2","app":"C:\\Users\\nadia.natasa\\sanbers\\diet-meal\\test\\apk\\dietMeal.apk","appPackage":"com.fghilmany.dietmealapp","appActivity":".ui.main.MainActivity","noReset":true,"forceAppLaunch":true,"platform":"LINUX","webStorageEnabled":false,"takesScreenshot":true,"javascriptEnabled":true,"databaseEnabled":false,"networkConnectionEnabled":true,"locationContextEnabled":false,"warnings":{},"desired":{"platformName":"Android","deviceName":"Galaxy A14","platformVersion":"14.0","automationName":"UiAutomator2","app":"C:\\Users\\nadia.natasa\\sanbers\\diet-meal\\test\\apk\\dietMeal.apk","appPackage":"com.fghilmany.dietmealapp","appActivity":".ui.main.MainActivity","noReset":true,"forceAppLaunch":true},"deviceUDID":"RR8W3038G4T"}],"alwaysMatch":{}}}
[38;5;32m[AndroidUiautomator2Driver@6051 (349b0fde)][0m Got response with status 200: {"sessionId":"69861a23-3849-4c7c-83cb-f6768e41ef48","value":{"capabilities":{"firstMatch":[{"platformName":"Android","deviceName":"RR8W3038G4T","platformVersion":"14.0","automationName":"UiAutomator2","app":"C:\\Users\\nadia.natasa\\sanbers\\diet-meal\\test\\apk\\dietMeal.apk","appPackage":"com.fghilmany.dietmealapp","appActivity":".ui.main.MainActivity","noReset":true,"forceAppLaunch":true,"platform":"LINUX","webStorageEnabled":false,"takesScreenshot":true,"javascriptEnabled":true,"databaseEnabled":false,"networkConnectionEnabled":true,"locationContextEnabled":false,"warnings":{},"desired":{"platformName":"Android","deviceName":"Galaxy A14","platformVersion":"14.0","automationName":"UiAutomator2","app":"C:\\Users\\nadia.natasa\\sanbers\\diet-meal\\test\\apk\\dietMeal.apk","appPackage":"com.fghilmany.dietmealapp","appActivity":".ui.main.MainActivity","noReset":true,"forceAppLaunch":true},"deviceUDID":"RR8W3038G4T"}],"alwaysMatch":{}},"sessionId":"69861a23-3849-4c7c-83cb-f6768e41ef48"}}
[38;5;32m[AndroidUiautomator2Driver@6051 (349b0fde)][0m Determined the downstream protocol as 'W3C'
[38;5;32m[AndroidUiautomator2Driver@6051 (349b0fde)][0m Proxying [GET /appium/device/pixel_ratio] to [GET http://127.0.0.1:8200/session/69861a23-3849-4c7c-83cb-f6768e41ef48/appium/device/pixel_ratio] with no body
[38;5;32m[AndroidUiautomator2Driver@6051 (349b0fde)][0m Matched '/appium/device/system_bars' to command name 'getSystemBars'
[38;5;32m[AndroidUiautomator2Driver@6051 (349b0fde)][0m Proxying [GET /appium/device/system_bars] to [GET http://127.0.0.1:8200/session/69861a23-3849-4c7c-83cb-f6768e41ef48/appium/device/system_bars] with no body
[38;5;32m[AndroidUiautomator2Driver@6051 (349b0fde)][0m Matched '/window/current/size' to command name 'getWindowSize'
[38;5;32m[AndroidUiautomator2Driver@6051 (349b0fde)][0m Proxying [GET /window/current/size] to [GET http://127.0.0.1:8200/session/69861a23-3849-4c7c-83cb-f6768e41ef48/window/current/size] with no body
[38;5;32m[AndroidUiautomator2Driver@6051 (349b0fde)][0m Proxying [GET /appium/device/info] to [GET http://127.0.0.1:8200/session/69861a23-3849-4c7c-83cb-f6768e41ef48/appium/device/info] with no body
[38;5;48m[ADB][0m Running 'C:\Users\nadia.natasa\AppData\Local\Android\Sdk\platform-tools\adb.exe -P 5037 -s RR8W3038G4T shell dumpsys window'
[38;5;32m[AndroidUiautomator2Driver@6051 (349b0fde)][0m Got response with status 200: {"sessionId":"69861a23-3849-4c7c-83cb-f6768e41ef48","value":2.8125}
[38;5;32m[AndroidUiautomator2Driver@6051 (349b0fde)][0m Got response with status 200: {"sessionId":"69861a23-3849-4c7c-83cb-f6768e41ef48","value":{"statusBar":65}}
[38;5;32m[AndroidUiautomator2Driver@6051 (349b0fde)][0m Got response with status 200: {"sessionId":"69861a23-3849-4c7c-83cb-f6768e41ef48","value":{"height":2408,"width":1080}}
[38;5;32m[AndroidUiautomator2Driver@6051 (349b0fde)][0m Got response with status 200: {"sessionId":"69861a23-3849-4c7c-83cb-f6768e41ef48","value":{"androidId":"dc9580334b6ad058","apiVersion":"34","bluetooth":{"state":"ON"},"brand":"samsung","carrierName":"XL Axiata","displayDensity":450,"locale":"en_GB","manufacturer":"samsung","model":"SM-A145F","networks":[{"capabilities":{"SSID":null,"linkDownBandwidthKbps":35683,"linkUpstreamBandwidthKbps":15000,"networkCapabilities":"NET_CAPABILITY_IMS,NET_CAPABILITY_NOT_METERED,NET_CAPABILITY_TRUSTED,NET_CAPABILITY_NOT_VPN,NET_CAPABILITY_VALIDATED,NET_CAPABILITY_NOT_ROAMING,NET_CAPABILITY_FOREGROUND,NET_CAPABILITY_NOT_CONGESTED,NET_CAPABILITY_NOT_SUSPENDED","signalStrength":-2147483648,"transportTypes":"TRANSPORT_CELLULAR"},"detailedState":"CONNECTED","extraInfo":"IMS","isAvailable":true,"isConnected":true,"isFailover":false,"isRoaming":false,"state":"CONNECTED","subtype":13,"subtypeName":"LTE","type":0,"typeName":"MOBILE"},{"capabilities":{"SSID":null,"linkDownBandwidthKbps":14,"linkUpstreamBandwidthKbps":14,"networkCapabilities":"NET_CAPABILITY_SUPL...
[38;5;32m[AndroidUiautomator2Driver@6051 (349b0fde)][0m Screen already unlocked, doing nothing
[38;5;32m[AndroidUiautomator2Driver@6051 (349b0fde)][0m Starting 'com.fghilmany.dietmealapp/.ui.main.MainActivity and waiting for 'com.fghilmany.dietmealapp/.ui.main.MainActivity'
[38;5;48m[ADB][0m Running 'C:\Users\nadia.natasa\AppData\Local\Android\Sdk\platform-tools\adb.exe -P 5037 -s RR8W3038G4T shell am start -W -n com.fghilmany.dietmealapp/.ui.main.MainActivity -S -a android.intent.action.MAIN -c android.intent.category.LAUNCHER -f 0x10200000'
[38;5;16m[AppiumDriver@7312][0m New AndroidUiautomator2Driver session created successfully, session 349b0fde-7add-4f3c-a907-4f608e9d3d6c added to master session list
[38;5;16m[AppiumDriver@7312][0m Event 'newSessionStarted' logged at 1717128699240 (11:11:39 GMT+0700 (Indochina Time))
[38;5;32m[AndroidUiautomator2Driver@6051 (349b0fde)][0m Cached the protocol value 'W3C' for the new session 349b0fde-7add-4f3c-a907-4f608e9d3d6c
[38;5;32m[AndroidUiautomator2Driver@6051 (349b0fde)][0m Responding to client with driver.createSession() result: {"capabilities":{"platformName":"Android","deviceName":"RR8W3038G4T","platformVersion":"14","automationName":"UiAutomator2","app":"C:\\Users\\nadia.natasa\\sanbers\\diet-meal\\test\\apk\\dietMeal.apk","appPackage":"com.fghilmany.dietmealapp","appActivity":".ui.main.MainActivity","noReset":true,"forceAppLaunch":true,"platform":"LINUX","webStorageEnabled":false,"takesScreenshot":true,"javascriptEnabled":true,"databaseEnabled":false,"networkConnectionEnabled":true,"locationContextEnabled":false,"warnings":{},"desired":{"platformName":"Android","deviceName":"Galaxy A14","platformVersion":"14.0","automationName":"UiAutomator2","app":"C:\\Users\\nadia.natasa\\sanbers\\diet-meal\\test\\apk\\dietMeal.apk","appPackage":"com.fghilmany.dietmealapp","appActivity":".ui.main.MainActivity","noReset":true,"forceAppLaunch":true},"deviceUDID":"RR8W3038G4T","pixelRatio":"2.8125","statBarHeight":65,"viewportRect":{"left":0,"top":65,"width":1080,"height":2343},"deviceApiLevel":34,"deviceManufacturer":"samsung","deviceModel":"S...
[38;5;0m[HTTP][0m [37m<-- POST /session [39m[32m200[39m [90m10256 ms - 1149[39m
[38;5;0m[HTTP][0m [90m[39m
[38;5;0m[HTTP][0m [37m-->[39m [37mPOST[39m [37m/session/349b0fde-7add-4f3c-a907-4f608e9d3d6c/element[39m
[38;5;0m[HTTP][0m [90m{"using":"xpath","value":"//android.widget.TextView[@resource-id=\"com.fghilmany.dietmealapp:id/header_welcome\"]"}[39m
[38;5;32m[AndroidUiautomator2Driver@6051 (349b0fde)][0m Calling AppiumDriver.findElement() with args: ["xpath","//android.widget.TextView[@resource-id=\"com.fghilmany.dietmealapp:id/header_welcome\"]","349b0fde-7add-4f3c-a907-4f608e9d3d6c"]
[38;5;32m[AndroidUiautomator2Driver@6051 (349b0fde)][0m Valid locator strategies for this request: xpath, id, class name, accessibility id, css selector, -android uiautomator
[38;5;32m[AndroidUiautomator2Driver@6051 (349b0fde)][0m Waiting up to 0 ms for condition
[38;5;32m[AndroidUiautomator2Driver@6051 (349b0fde)][0m Matched '/element' to command name 'findElement'
[38;5;32m[AndroidUiautomator2Driver@6051 (349b0fde)][0m Proxying [POST /element] to [POST http://127.0.0.1:8200/session/69861a23-3849-4c7c-83cb-f6768e41ef48/element] with body: {"strategy":"xpath","selector":"//android.widget.TextView[@resource-id=\"com.fghilmany.dietmealapp:id/header_welcome\"]","context":"","multiple":false}
[38;5;32m[AndroidUiautomator2Driver@6051 (349b0fde)][0m Got response with status 200: {"sessionId":"69861a23-3849-4c7c-83cb-f6768e41ef48","value":{"ELEMENT":"00000000-0000-0044-ffff-ffff00000012","element-6066-11e4-a52e-4f735466cecf":"00000000-0000-0044-ffff-ffff00000012"}}
[38;5;32m[AndroidUiautomator2Driver@6051 (349b0fde)][0m Responding to client with driver.findElement() result: {"element-6066-11e4-a52e-4f735466cecf":"00000000-0000-0044-ffff-ffff00000012","ELEMENT":"00000000-0000-0044-ffff-ffff00000012"}
[38;5;0m[HTTP][0m [37m<-- POST /session/349b0fde-7add-4f3c-a907-4f608e9d3d6c/element [39m[32m200[39m [90m3532 ms - 137[39m
[38;5;0m[HTTP][0m [90m[39m
[38;5;0m[HTTP][0m [37m-->[39m [37mGET[39m [37m/session/349b0fde-7add-4f3c-a907-4f608e9d3d6c/element/00000000-0000-0044-ffff-ffff00000012/attribute/text[39m
[38;5;0m[HTTP][0m [90m{}[39m
[38;5;32m[AndroidUiautomator2Driver@6051 (349b0fde)][0m Calling AppiumDriver.getAttribute() with args: ["text","00000000-0000-0044-ffff-ffff00000012","349b0fde-7add-4f3c-a907-4f608e9d3d6c"]
[38;5;32m[AndroidUiautomator2Driver@6051 (349b0fde)][0m Matched '/element/00000000-0000-0044-ffff-ffff00000012/attribute/text' to command name 'getAttribute'
[38;5;32m[AndroidUiautomator2Driver@6051 (349b0fde)][0m Proxying [GET /element/00000000-0000-0044-ffff-ffff00000012/attribute/text] to [GET http://127.0.0.1:8200/session/69861a23-3849-4c7c-83cb-f6768e41ef48/element/00000000-0000-0044-ffff-ffff00000012/attribute/text] with no body
[38;5;32m[AndroidUiautomator2Driver@6051 (349b0fde)][0m Got response with status 200: {"sessionId":"69861a23-3849-4c7c-83cb-f6768e41ef48","value":"Welcome..."}
[38;5;32m[AndroidUiautomator2Driver@6051 (349b0fde)][0m Responding to client with driver.getAttribute() result: "Welcome..."
[38;5;0m[HTTP][0m [37m<-- GET /session/349b0fde-7add-4f3c-a907-4f608e9d3d6c/element/00000000-0000-0044-ffff-ffff00000012/attribute/text [39m[32m200[39m [90m245 ms - 22[39m
[38;5;0m[HTTP][0m [90m[39m
[38;5;0m[HTTP][0m [37m-->[39m [37mPOST[39m [37m/session/349b0fde-7add-4f3c-a907-4f608e9d3d6c/element[39m
[38;5;0m[HTTP][0m [90m{"using":"xpath","value":"//android.widget.EditText[@resource-id=\"com.fghilmany.dietmealapp:id/et_name\"]"}[39m
[38;5;32m[AndroidUiautomator2Driver@6051 (349b0fde)][0m Calling AppiumDriver.findElement() with args: ["xpath","//android.widget.EditText[@resource-id=\"com.fghilmany.dietmealapp:id/et_name\"]","349b0fde-7add-4f3c-a907-4f608e9d3d6c"]
[38;5;32m[AndroidUiautomator2Driver@6051 (349b0fde)][0m Valid locator strategies for this request: xpath, id, class name, accessibility id, css selector, -android uiautomator
[38;5;32m[AndroidUiautomator2Driver@6051 (349b0fde)][0m Waiting up to 0 ms for condition
[38;5;32m[AndroidUiautomator2Driver@6051 (349b0fde)][0m Matched '/element' to command name 'findElement'
[38;5;32m[AndroidUiautomator2Driver@6051 (349b0fde)][0m Proxying [POST /element] to [POST http://127.0.0.1:8200/session/69861a23-3849-4c7c-83cb-f6768e41ef48/element] with body: {"strategy":"xpath","selector":"//android.widget.EditText[@resource-id=\"com.fghilmany.dietmealapp:id/et_name\"]","context":"","multiple":false}
[38;5;32m[AndroidUiautomator2Driver@6051 (349b0fde)][0m Got response with status 200: {"sessionId":"69861a23-3849-4c7c-83cb-f6768e41ef48","value":{"ELEMENT":"00000000-0000-0044-ffff-ffff00000017","element-6066-11e4-a52e-4f735466cecf":"00000000-0000-0044-ffff-ffff00000017"}}
[38;5;32m[AndroidUiautomator2Driver@6051 (349b0fde)][0m Responding to client with driver.findElement() result: {"element-6066-11e4-a52e-4f735466cecf":"00000000-0000-0044-ffff-ffff00000017","ELEMENT":"00000000-0000-0044-ffff-ffff00000017"}
[38;5;0m[HTTP][0m [37m<-- POST /session/349b0fde-7add-4f3c-a907-4f608e9d3d6c/element [39m[32m200[39m [90m396 ms - 137[39m
[38;5;0m[HTTP][0m [90m[39m
[38;5;0m[HTTP][0m [37m-->[39m [37mPOST[39m [37m/session/349b0fde-7add-4f3c-a907-4f608e9d3d6c/element/00000000-0000-0044-ffff-ffff00000017/clear[39m
[38;5;0m[HTTP][0m [90m{}[39m
[38;5;32m[AndroidUiautomator2Driver@6051 (349b0fde)][0m Calling AppiumDriver.clear() with args: ["00000000-0000-0044-ffff-ffff00000017","349b0fde-7add-4f3c-a907-4f608e9d3d6c"]
[38;5;32m[AndroidUiautomator2Driver@6051 (349b0fde)][0m Matched '/element/00000000-0000-0044-ffff-ffff00000017/clear' to command name 'clear'
[38;5;32m[AndroidUiautomator2Driver@6051 (349b0fde)][0m Proxying [POST /element/00000000-0000-0044-ffff-ffff00000017/clear] to [POST http://127.0.0.1:8200/session/69861a23-3849-4c7c-83cb-f6768e41ef48/element/00000000-0000-0044-ffff-ffff00000017/clear] with body: {"elementId":"00000000-0000-0044-ffff-ffff00000017"}
[38;5;32m[AndroidUiautomator2Driver@6051 (349b0fde)][0m Got response with status 200: {"sessionId":"69861a23-3849-4c7c-83cb-f6768e41ef48","value":null}
[38;5;32m[AndroidUiautomator2Driver@6051 (349b0fde)][0m Responding to client with driver.clear() result: null
[38;5;0m[HTTP][0m [37m<-- POST /session/349b0fde-7add-4f3c-a907-4f608e9d3d6c/element/00000000-0000-0044-ffff-ffff00000017/clear [39m[32m200[39m [90m60 ms - 14[39m
[38;5;0m[HTTP][0m [90m[39m
[38;5;0m[HTTP][0m [37m-->[39m [37mPOST[39m [37m/session/349b0fde-7add-4f3c-a907-4f608e9d3d6c/element/00000000-0000-0044-ffff-ffff00000017/value[39m
[38;5;0m[HTTP][0m [90m{"text":"nadia"}[39m
[38;5;32m[AndroidUiautomator2Driver@6051 (349b0fde)][0m Calling AppiumDriver.setValue() with args: ["nadia","00000000-0000-0044-ffff-ffff00000017","349b0fde-7add-4f3c-a907-4f608e9d3d6c"]
[38;5;32m[AndroidUiautomator2Driver@6051 (349b0fde)][0m Matched '/element/00000000-0000-0044-ffff-ffff00000017/value' to command name 'setValue'
[38;5;32m[AndroidUiautomator2Driver@6051 (349b0fde)][0m Added 'value' property ["n","a","d","i","a"] to 'setValue' request body
[38;5;32m[AndroidUiautomator2Driver@6051 (349b0fde)][0m Proxying [POST /element/00000000-0000-0044-ffff-ffff00000017/value] to [POST http://127.0.0.1:8200/session/69861a23-3849-4c7c-83cb-f6768e41ef48/element/00000000-0000-0044-ffff-ffff00000017/value] with body: {"elementId":"00000000-0000-0044-ffff-ffff00000017","text":"nadia","replace":false,"value":["n","a","d","i","a"]}
[38;5;32m[AndroidUiautomator2Driver@6051 (349b0fde)][0m Got response with status 200: {"sessionId":"69861a23-3849-4c7c-83cb-f6768e41ef48","value":null}
[38;5;32m[AndroidUiautomator2Driver@6051 (349b0fde)][0m Responding to client with driver.setValue() result: null
[38;5;0m[HTTP][0m [37m<-- POST /session/349b0fde-7add-4f3c-a907-4f608e9d3d6c/element/00000000-0000-0044-ffff-ffff00000017/value [39m[32m200[39m [90m1126 ms - 14[39m
[38;5;0m[HTTP][0m [90m[39m
[38;5;0m[HTTP][0m [37m-->[39m [37mPOST[39m [37m/session/349b0fde-7add-4f3c-a907-4f608e9d3d6c/element[39m
[38;5;0m[HTTP][0m [90m{"using":"xpath","value":"//android.widget.EditText[@resource-id=\"com.fghilmany.dietmealapp:id/et_weight\"]"}[39m
[38;5;32m[AndroidUiautomator2Driver@6051 (349b0fde)][0m Calling AppiumDriver.findElement() with args: ["xpath","//android.widget.EditText[@resource-id=\"com.fghilmany.dietmealapp:id/et_weight\"]","349b0fde-7add-4f3c-a907-4f608e9d3d6c"]
[38;5;32m[AndroidUiautomator2Driver@6051 (349b0fde)][0m Valid locator strategies for this request: xpath, id, class name, accessibility id, css selector, -android uiautomator
[38;5;32m[AndroidUiautomator2Driver@6051 (349b0fde)][0m Waiting up to 0 ms for condition
[38;5;32m[AndroidUiautomator2Driver@6051 (349b0fde)][0m Matched '/element' to command name 'findElement'
[38;5;32m[AndroidUiautomator2Driver@6051 (349b0fde)][0m Proxying [POST /element] to [POST http://127.0.0.1:8200/session/69861a23-3849-4c7c-83cb-f6768e41ef48/element] with body: {"strategy":"xpath","selector":"//android.widget.EditText[@resource-id=\"com.fghilmany.dietmealapp:id/et_weight\"]","context":"","multiple":false}
[38;5;32m[AndroidUiautomator2Driver@6051 (349b0fde)][0m Got response with status 200: {"sessionId":"69861a23-3849-4c7c-83cb-f6768e41ef48","value":{"ELEMENT":"00000000-0000-0044-ffff-ffff00000023","element-6066-11e4-a52e-4f735466cecf":"00000000-0000-0044-ffff-ffff00000023"}}
[38;5;32m[AndroidUiautomator2Driver@6051 (349b0fde)][0m Responding to client with driver.findElement() result: {"element-6066-11e4-a52e-4f735466cecf":"00000000-0000-0044-ffff-ffff00000023","ELEMENT":"00000000-0000-0044-ffff-ffff00000023"}
[38;5;0m[HTTP][0m [37m<-- POST /session/349b0fde-7add-4f3c-a907-4f608e9d3d6c/element [39m[32m200[39m [90m872 ms - 137[39m
[38;5;0m[HTTP][0m [90m[39m
[38;5;0m[HTTP][0m [37m-->[39m [37mPOST[39m [37m/session/349b0fde-7add-4f3c-a907-4f608e9d3d6c/element/00000000-0000-0044-ffff-ffff00000023/clear[39m
[38;5;0m[HTTP][0m [90m{}[39m
[38;5;32m[AndroidUiautomator2Driver@6051 (349b0fde)][0m Calling AppiumDriver.clear() with args: ["00000000-0000-0044-ffff-ffff00000023","349b0fde-7add-4f3c-a907-4f608e9d3d6c"]
[38;5;32m[AndroidUiautomator2Driver@6051 (349b0fde)][0m Matched '/element/00000000-0000-0044-ffff-ffff00000023/clear' to command name 'clear'
[38;5;32m[AndroidUiautomator2Driver@6051 (349b0fde)][0m Proxying [POST /element/00000000-0000-0044-ffff-ffff00000023/clear] to [POST http://127.0.0.1:8200/session/69861a23-3849-4c7c-83cb-f6768e41ef48/element/00000000-0000-0044-ffff-ffff00000023/clear] with body: {"elementId":"00000000-0000-0044-ffff-ffff00000023"}
[38;5;32m[AndroidUiautomator2Driver@6051 (349b0fde)][0m Got response with status 200: {"sessionId":"69861a23-3849-4c7c-83cb-f6768e41ef48","value":null}
[38;5;32m[AndroidUiautomator2Driver@6051 (349b0fde)][0m Responding to client with driver.clear() result: null
[38;5;0m[HTTP][0m [37m<-- POST /session/349b0fde-7add-4f3c-a907-4f608e9d3d6c/element/00000000-0000-0044-ffff-ffff00000023/clear [39m[32m200[39m [90m57 ms - 14[39m
[38;5;0m[HTTP][0m [90m[39m
[38;5;0m[HTTP][0m [37m-->[39m [37mPOST[39m [37m/session/349b0fde-7add-4f3c-a907-4f608e9d3d6c/element/00000000-0000-0044-ffff-ffff00000023/value[39m
[38;5;0m[HTTP][0m [90m{"text":"44"}[39m
[38;5;32m[AndroidUiautomator2Driver@6051 (349b0fde)][0m Calling AppiumDriver.setValue() with args: ["44","00000000-0000-0044-ffff-ffff00000023","349b0fde-7add-4f3c-a907-4f608e9d3d6c"]
[38;5;32m[AndroidUiautomator2Driver@6051 (349b0fde)][0m Matched '/element/00000000-0000-0044-ffff-ffff00000023/value' to command name 'setValue'
[38;5;32m[AndroidUiautomator2Driver@6051 (349b0fde)][0m Added 'value' property ["4","4"] to 'setValue' request body
[38;5;32m[AndroidUiautomator2Driver@6051 (349b0fde)][0m Proxying [POST /element/00000000-0000-0044-ffff-ffff00000023/value] to [POST http://127.0.0.1:8200/session/69861a23-3849-4c7c-83cb-f6768e41ef48/element/00000000-0000-0044-ffff-ffff00000023/value] with body: {"elementId":"00000000-0000-0044-ffff-ffff00000023","text":"44","replace":false,"value":["4","4"]}
[38;5;32m[AndroidUiautomator2Driver@6051 (349b0fde)][0m Got response with status 200: {"sessionId":"69861a23-3849-4c7c-83cb-f6768e41ef48","value":null}
[38;5;32m[AndroidUiautomator2Driver@6051 (349b0fde)][0m Responding to client with driver.setValue() result: null
[38;5;0m[HTTP][0m [37m<-- POST /session/349b0fde-7add-4f3c-a907-4f608e9d3d6c/element/00000000-0000-0044-ffff-ffff00000023/value [39m[32m200[39m [90m1090 ms - 14[39m
[38;5;0m[HTTP][0m [90m[39m
[38;5;0m[HTTP][0m [37m-->[39m [37mPOST[39m [37m/session/349b0fde-7add-4f3c-a907-4f608e9d3d6c/element[39m
[38;5;0m[HTTP][0m [90m{"using":"xpath","value":"//android.widget.EditText[@resource-id=\"com.fghilmany.dietmealapp:id/et_height\"]"}[39m
[38;5;32m[AndroidUiautomator2Driver@6051 (349b0fde)][0m Calling AppiumDriver.findElement() with args: ["xpath","//android.widget.EditText[@resource-id=\"com.fghilmany.dietmealapp:id/et_height\"]","349b0fde-7add-4f3c-a907-4f608e9d3d6c"]
[38;5;32m[AndroidUiautomator2Driver@6051 (349b0fde)][0m Valid locator strategies for this request: xpath, id, class name, accessibility id, css selector, -android uiautomator
[38;5;32m[AndroidUiautomator2Driver@6051 (349b0fde)][0m Waiting up to 0 ms for condition
[38;5;32m[AndroidUiautomator2Driver@6051 (349b0fde)][0m Matched '/element' to command name 'findElement'
[38;5;32m[AndroidUiautomator2Driver@6051 (349b0fde)][0m Proxying [POST /element] to [POST http://127.0.0.1:8200/session/69861a23-3849-4c7c-83cb-f6768e41ef48/element] with body: {"strategy":"xpath","selector":"//android.widget.EditText[@resource-id=\"com.fghilmany.dietmealapp:id/et_height\"]","context":"","multiple":false}
[38;5;32m[AndroidUiautomator2Driver@6051 (349b0fde)][0m Got response with status 200: {"sessionId":"69861a23-3849-4c7c-83cb-f6768e41ef48","value":{"ELEMENT":"00000000-0000-0044-ffff-ffff0000002f","element-6066-11e4-a52e-4f735466cecf":"00000000-0000-0044-ffff-ffff0000002f"}}
[38;5;32m[AndroidUiautomator2Driver@6051 (349b0fde)][0m Responding to client with driver.findElement() result: {"element-6066-11e4-a52e-4f735466cecf":"00000000-0000-0044-ffff-ffff0000002f","ELEMENT":"00000000-0000-0044-ffff-ffff0000002f"}
[38;5;0m[HTTP][0m [37m<-- POST /session/349b0fde-7add-4f3c-a907-4f608e9d3d6c/element [39m[32m200[39m [90m427 ms - 137[39m
[38;5;0m[HTTP][0m [90m[39m
[38;5;0m[HTTP][0m [37m-->[39m [37mPOST[39m [37m/session/349b0fde-7add-4f3c-a907-4f608e9d3d6c/element/00000000-0000-0044-ffff-ffff0000002f/clear[39m
[38;5;0m[HTTP][0m [90m{}[39m
[38;5;32m[AndroidUiautomator2Driver@6051 (349b0fde)][0m Calling AppiumDriver.clear() with args: ["00000000-0000-0044-ffff-ffff0000002f","349b0fde-7add-4f3c-a907-4f608e9d3d6c"]
[38;5;32m[AndroidUiautomator2Driver@6051 (349b0fde)][0m Matched '/element/00000000-0000-0044-ffff-ffff0000002f/clear' to command name 'clear'
[38;5;32m[AndroidUiautomator2Driver@6051 (349b0fde)][0m Proxying [POST /element/00000000-0000-0044-ffff-ffff0000002f/clear] to [POST http://127.0.0.1:8200/session/69861a23-3849-4c7c-83cb-f6768e41ef48/element/00000000-0000-0044-ffff-ffff0000002f/clear] with body: {"elementId":"00000000-0000-0044-ffff-ffff0000002f"}
[38;5;32m[AndroidUiautomator2Driver@6051 (349b0fde)][0m Got response with status 200: {"sessionId":"69861a23-3849-4c7c-83cb-f6768e41ef48","value":null}
[38;5;32m[AndroidUiautomator2Driver@6051 (349b0fde)][0m Responding to client with driver.clear() result: null
[38;5;0m[HTTP][0m [37m<-- POST /session/349b0fde-7add-4f3c-a907-4f608e9d3d6c/element/00000000-0000-0044-ffff-ffff0000002f/clear [39m[32m200[39m [90m192 ms - 14[39m
[38;5;0m[HTTP][0m [90m[39m
[38;5;0m[HTTP][0m [37m-->[39m [37mPOST[39m [37m/session/349b0fde-7add-4f3c-a907-4f608e9d3d6c/element/00000000-0000-0044-ffff-ffff0000002f/value[39m
[38;5;0m[HTTP][0m [90m{"text":"147"}[39m
[38;5;32m[AndroidUiautomator2Driver@6051 (349b0fde)][0m Calling AppiumDriver.setValue() with args: ["147","00000000-0000-0044-ffff-ffff0000002f","349b0fde-7add-4f3c-a907-4f608e9d3d6c"]
[38;5;32m[AndroidUiautomator2Driver@6051 (349b0fde)][0m Matched '/element/00000000-0000-0044-ffff-ffff0000002f/value' to command name 'setValue'
[38;5;32m[AndroidUiautomator2Driver@6051 (349b0fde)][0m Added 'value' property ["1","4","7"] to 'setValue' request body
[38;5;32m[AndroidUiautomator2Driver@6051 (349b0fde)][0m Proxying [POST /element/00000000-0000-0044-ffff-ffff0000002f/value] to [POST http://127.0.0.1:8200/session/69861a23-3849-4c7c-83cb-f6768e41ef48/element/00000000-0000-0044-ffff-ffff0000002f/value] with body: {"elementId":"00000000-0000-0044-ffff-ffff0000002f","text":"147","replace":false,"value":["1","4","7"]}
[38;5;32m[AndroidUiautomator2Driver@6051 (349b0fde)][0m Got response with status 200: {"sessionId":"69861a23-3849-4c7c-83cb-f6768e41ef48","value":null}
[38;5;32m[AndroidUiautomator2Driver@6051 (349b0fde)][0m Responding to client with driver.setValue() result: null
[38;5;0m[HTTP][0m [37m<-- POST /session/349b0fde-7add-4f3c-a907-4f608e9d3d6c/element/00000000-0000-0044-ffff-ffff0000002f/value [39m[32m200[39m [90m1099 ms - 14[39m
[38;5;0m[HTTP][0m [90m[39m
[38;5;0m[HTTP][0m [37m-->[39m [37mPOST[39m [37m/session/349b0fde-7add-4f3c-a907-4f608e9d3d6c/element[39m
[38;5;0m[HTTP][0m [90m{"using":"xpath","value":"//android.widget.RadioButton[@resource-id=\"com.fghilmany.dietmealapp:id/rb_female\"]"}[39m
[38;5;32m[AndroidUiautomator2Driver@6051 (349b0fde)][0m Calling AppiumDriver.findElement() with args: ["xpath","//android.widget.RadioButton[@resource-id=\"com.fghilmany.dietmealapp:id/rb_female\"]","349b0fde-7add-4f3c-a907-4f608e9d3d6c"]
[38;5;32m[AndroidUiautomator2Driver@6051 (349b0fde)][0m Valid locator strategies for this request: xpath, id, class name, accessibility id, css selector, -android uiautomator
[38;5;32m[AndroidUiautomator2Driver@6051 (349b0fde)][0m Waiting up to 0 ms for condition
[38;5;32m[AndroidUiautomator2Driver@6051 (349b0fde)][0m Matched '/element' to command name 'findElement'
[38;5;32m[AndroidUiautomator2Driver@6051 (349b0fde)][0m Proxying [POST /element] to [POST http://127.0.0.1:8200/session/69861a23-3849-4c7c-83cb-f6768e41ef48/element] with body: {"strategy":"xpath","selector":"//android.widget.RadioButton[@resource-id=\"com.fghilmany.dietmealapp:id/rb_female\"]","context":"","multiple":false}
[38;5;32m[AndroidUiautomator2Driver@6051 (349b0fde)][0m Got response with status 200: {"sessionId":"69861a23-3849-4c7c-83cb-f6768e41ef48","value":{"ELEMENT":"00000000-0000-0044-ffff-ffff0000003b","element-6066-11e4-a52e-4f735466cecf":"00000000-0000-0044-ffff-ffff0000003b"}}
[38;5;32m[AndroidUiautomator2Driver@6051 (349b0fde)][0m Responding to client with driver.findElement() result: {"element-6066-11e4-a52e-4f735466cecf":"00000000-0000-0044-ffff-ffff0000003b","ELEMENT":"00000000-0000-0044-ffff-ffff0000003b"}
[38;5;0m[HTTP][0m [37m<-- POST /session/349b0fde-7add-4f3c-a907-4f608e9d3d6c/element [39m[32m200[39m [90m441 ms - 137[39m
[38;5;0m[HTTP][0m [90m[39m
[38;5;0m[HTTP][0m [37m-->[39m [37mPOST[39m [37m/session/349b0fde-7add-4f3c-a907-4f608e9d3d6c/element/00000000-0000-0044-ffff-ffff0000003b/click[39m
[38;5;0m[HTTP][0m [90m{}[39m
[38;5;32m[AndroidUiautomator2Driver@6051 (349b0fde)][0m Calling AppiumDriver.click() with args: ["00000000-0000-0044-ffff-ffff0000003b","349b0fde-7add-4f3c-a907-4f608e9d3d6c"]
[38;5;32m[AndroidUiautomator2Driver@6051 (349b0fde)][0m Matched '/element/00000000-0000-0044-ffff-ffff0000003b/click' to command name 'click'
[38;5;32m[AndroidUiautomator2Driver@6051 (349b0fde)][0m Proxying [POST /element/00000000-0000-0044-ffff-ffff0000003b/click] to [POST http://127.0.0.1:8200/session/69861a23-3849-4c7c-83cb-f6768e41ef48/element/00000000-0000-0044-ffff-ffff0000003b/click] with body: {"element":"00000000-0000-0044-ffff-ffff0000003b"}
[38;5;32m[AndroidUiautomator2Driver@6051 (349b0fde)][0m Got response with status 200: {"sessionId":"69861a23-3849-4c7c-83cb-f6768e41ef48","value":null}
[38;5;32m[AndroidUiautomator2Driver@6051 (349b0fde)][0m Responding to client with driver.click() result: null
[38;5;0m[HTTP][0m [37m<-- POST /session/349b0fde-7add-4f3c-a907-4f608e9d3d6c/element/00000000-0000-0044-ffff-ffff0000003b/click [39m[32m200[39m [90m224 ms - 14[39m
[38;5;0m[HTTP][0m [90m[39m
[38;5;0m[HTTP][0m [37m-->[39m [37mPOST[39m [37m/session/349b0fde-7add-4f3c-a907-4f608e9d3d6c/element[39m
[38;5;0m[HTTP][0m [90m{"using":"xpath","value":"//android.widget.Button[@resource-id=\"com.fghilmany.dietmealapp:id/bt_next\"]"}[39m
[38;5;32m[AndroidUiautomator2Driver@6051 (349b0fde)][0m Calling AppiumDriver.findElement() with args: ["xpath","//android.widget.Button[@resource-id=\"com.fghilmany.dietmealapp:id/bt_next\"]","349b0fde-7add-4f3c-a907-4f608e9d3d6c"]
[38;5;32m[AndroidUiautomator2Driver@6051 (349b0fde)][0m Valid locator strategies for this request: xpath, id, class name, accessibility id, css selector, -android uiautomator
[38;5;32m[AndroidUiautomator2Driver@6051 (349b0fde)][0m Waiting up to 0 ms for condition
[38;5;32m[AndroidUiautomator2Driver@6051 (349b0fde)][0m Matched '/element' to command name 'findElement'
[38;5;32m[AndroidUiautomator2Driver@6051 (349b0fde)][0m Proxying [POST /element] to [POST http://127.0.0.1:8200/session/69861a23-3849-4c7c-83cb-f6768e41ef48/element] with body: {"strategy":"xpath","selector":"//android.widget.Button[@resource-id=\"com.fghilmany.dietmealapp:id/bt_next\"]","context":"","multiple":false}
[38;5;32m[AndroidUiautomator2Driver@6051 (349b0fde)][0m Got response with status 200: {"sessionId":"69861a23-3849-4c7c-83cb-f6768e41ef48","value":{"ELEMENT":"00000000-0000-0044-ffff-ffff0000003c","element-6066-11e4-a52e-4f735466cecf":"00000000-0000-0044-ffff-ffff0000003c"}}
[38;5;32m[AndroidUiautomator2Driver@6051 (349b0fde)][0m Responding to client with driver.findElement() result: {"element-6066-11e4-a52e-4f735466cecf":"00000000-0000-0044-ffff-ffff0000003c","ELEMENT":"00000000-0000-0044-ffff-ffff0000003c"}
[38;5;0m[HTTP][0m [37m<-- POST /session/349b0fde-7add-4f3c-a907-4f608e9d3d6c/element [39m[32m200[39m [90m1006 ms - 137[39m
[38;5;0m[HTTP][0m [90m[39m
[38;5;0m[HTTP][0m [37m-->[39m [37mPOST[39m [37m/session/349b0fde-7add-4f3c-a907-4f608e9d3d6c/appium/device/hide_keyboard[39m
[38;5;0m[HTTP][0m [90m{}[39m
[38;5;32m[AndroidUiautomator2Driver@6051 (349b0fde)][0m Calling AppiumDriver.hideKeyboard() with args: [null,null,null,null,"349b0fde-7add-4f3c-a907-4f608e9d3d6c"]
[38;5;48m[ADB][0m Running 'C:\Users\nadia.natasa\AppData\Local\Android\Sdk\platform-tools\adb.exe -P 5037 -s RR8W3038G4T shell dumpsys input_method'
[38;5;48m[ADB][0m Keyboard has no UI; no closing necessary
[38;5;32m[AndroidUiautomator2Driver@6051 (349b0fde)][0m Responding to client with driver.hideKeyboard() result: false
[38;5;0m[HTTP][0m [37m<-- POST /session/349b0fde-7add-4f3c-a907-4f608e9d3d6c/appium/device/hide_keyboard [39m[32m200[39m [90m229 ms - 15[39m
[38;5;0m[HTTP][0m [90m[39m
[38;5;0m[HTTP][0m [37m-->[39m [37mPOST[39m [37m/session/349b0fde-7add-4f3c-a907-4f608e9d3d6c/element/00000000-0000-0044-ffff-ffff0000003c/click[39m
[38;5;0m[HTTP][0m [90m{}[39m
[38;5;32m[AndroidUiautomator2Driver@6051 (349b0fde)][0m Calling AppiumDriver.click() with args: ["00000000-0000-0044-ffff-ffff0000003c","349b0fde-7add-4f3c-a907-4f608e9d3d6c"]
[38;5;32m[AndroidUiautomator2Driver@6051 (349b0fde)][0m Matched '/element/00000000-0000-0044-ffff-ffff0000003c/click' to command name 'click'
[38;5;32m[AndroidUiautomator2Driver@6051 (349b0fde)][0m Proxying [POST /element/00000000-0000-0044-ffff-ffff0000003c/click] to [POST http://127.0.0.1:8200/session/69861a23-3849-4c7c-83cb-f6768e41ef48/element/00000000-0000-0044-ffff-ffff0000003c/click] with body: {"element":"00000000-0000-0044-ffff-ffff0000003c"}
[38;5;32m[AndroidUiautomator2Driver@6051 (349b0fde)][0m Got response with status 200: {"sessionId":"69861a23-3849-4c7c-83cb-f6768e41ef48","value":null}
[38;5;32m[AndroidUiautomator2Driver@6051 (349b0fde)][0m Responding to client with driver.click() result: null
[38;5;0m[HTTP][0m [37m<-- POST /session/349b0fde-7add-4f3c-a907-4f608e9d3d6c/element/00000000-0000-0044-ffff-ffff0000003c/click [39m[32m200[39m [90m88 ms - 14[39m
[38;5;0m[HTTP][0m [90m[39m
[38;5;0m[HTTP][0m [37m-->[39m [37mPOST[39m [37m/session/349b0fde-7add-4f3c-a907-4f608e9d3d6c/element[39m
[38;5;0m[HTTP][0m [90m{"using":"xpath","value":"//android.widget.TextView[@resource-id=\"com.fghilmany.dietmealapp:id/title_activity\"]"}[39m
[38;5;32m[AndroidUiautomator2Driver@6051 (349b0fde)][0m Calling AppiumDriver.findElement() with args: ["xpath","//android.widget.TextView[@resource-id=\"com.fghilmany.dietmealapp:id/title_activity\"]","349b0fde-7add-4f3c-a907-4f608e9d3d6c"]
[38;5;32m[AndroidUiautomator2Driver@6051 (349b0fde)][0m Valid locator strategies for this request: xpath, id, class name, accessibility id, css selector, -android uiautomator
[38;5;32m[AndroidUiautomator2Driver@6051 (349b0fde)][0m Waiting up to 0 ms for condition
[38;5;32m[AndroidUiautomator2Driver@6051 (349b0fde)][0m Matched '/element' to command name 'findElement'
[38;5;32m[AndroidUiautomator2Driver@6051 (349b0fde)][0m Proxying [POST /element] to [POST http://127.0.0.1:8200/session/69861a23-3849-4c7c-83cb-f6768e41ef48/element] with body: {"strategy":"xpath","selector":"//android.widget.TextView[@resource-id=\"com.fghilmany.dietmealapp:id/title_activity\"]","context":"","multiple":false}
[38;5;32m[AndroidUiautomator2Driver@6051 (349b0fde)][0m Got response with status 200: {"sessionId":"69861a23-3849-4c7c-83cb-f6768e41ef48","value":{"ELEMENT":"00000000-0000-0044-ffff-ffff0000003f","element-6066-11e4-a52e-4f735466cecf":"00000000-0000-0044-ffff-ffff0000003f"}}
[38;5;32m[AndroidUiautomator2Driver@6051 (349b0fde)][0m Responding to client with driver.findElement() result: {"element-6066-11e4-a52e-4f735466cecf":"00000000-0000-0044-ffff-ffff0000003f","ELEMENT":"00000000-0000-0044-ffff-ffff0000003f"}
[38;5;0m[HTTP][0m [37m<-- POST /session/349b0fde-7add-4f3c-a907-4f608e9d3d6c/element [39m[32m200[39m [90m501 ms - 137[39m
[38;5;0m[HTTP][0m [90m[39m
[38;5;0m[HTTP][0m [37m-->[39m [37mGET[39m [37m/session/349b0fde-7add-4f3c-a907-4f608e9d3d6c/element/00000000-0000-0044-ffff-ffff0000003f/attribute/text[39m
[38;5;0m[HTTP][0m [90m{}[39m
[38;5;32m[AndroidUiautomator2Driver@6051 (349b0fde)][0m Calling AppiumDriver.getAttribute() with args: ["text","00000000-0000-0044-ffff-ffff0000003f","349b0fde-7add-4f3c-a907-4f608e9d3d6c"]
[38;5;32m[AndroidUiautomator2Driver@6051 (349b0fde)][0m Matched '/element/00000000-0000-0044-ffff-ffff0000003f/attribute/text' to command name 'getAttribute'
[38;5;32m[AndroidUiautomator2Driver@6051 (349b0fde)][0m Proxying [GET /element/00000000-0000-0044-ffff-ffff0000003f/attribute/text] to [GET http://127.0.0.1:8200/session/69861a23-3849-4c7c-83cb-f6768e41ef48/element/00000000-0000-0044-ffff-ffff0000003f/attribute/text] with no body
[38;5;32m[AndroidUiautomator2Driver@6051 (349b0fde)][0m Got response with status 200: {"sessionId":"69861a23-3849-4c7c-83cb-f6768e41ef48","value":"Aktivitas sehari-hari"}
[38;5;32m[AndroidUiautomator2Driver@6051 (349b0fde)][0m Responding to client with driver.getAttribute() result: "Aktivitas sehari-hari"
[38;5;0m[HTTP][0m [37m<-- GET /session/349b0fde-7add-4f3c-a907-4f608e9d3d6c/element/00000000-0000-0044-ffff-ffff0000003f/attribute/text [39m[32m200[39m [90m310 ms - 33[39m
[38;5;0m[HTTP][0m [90m[39m
[38;5;0m[HTTP][0m [37m-->[39m [37mPOST[39m [37m/session/349b0fde-7add-4f3c-a907-4f608e9d3d6c/element[39m
[38;5;0m[HTTP][0m [90m{"using":"xpath","value":"//android.widget.RadioButton[@resource-id=\"com.fghilmany.dietmealapp:id/rb_low_to_medium\"]"}[39m
[38;5;32m[AndroidUiautomator2Driver@6051 (349b0fde)][0m Calling AppiumDriver.findElement() with args: ["xpath","//android.widget.RadioButton[@resource-id=\"com.fghilmany.dietmealapp:id/rb_low_to_medium\"]","349b0fde-7add-4f3c-a907-4f608e9d3d6c"]
[38;5;32m[AndroidUiautomator2Driver@6051 (349b0fde)][0m Valid locator strategies for this request: xpath, id, class name, accessibility id, css selector, -android uiautomator
[38;5;32m[AndroidUiautomator2Driver@6051 (349b0fde)][0m Waiting up to 0 ms for condition
[38;5;32m[AndroidUiautomator2Driver@6051 (349b0fde)][0m Matched '/element' to command name 'findElement'
[38;5;32m[AndroidUiautomator2Driver@6051 (349b0fde)][0m Proxying [POST /element] to [POST http://127.0.0.1:8200/session/69861a23-3849-4c7c-83cb-f6768e41ef48/element] with body: {"strategy":"xpath","selector":"//android.widget.RadioButton[@resource-id=\"com.fghilmany.dietmealapp:id/rb_low_to_medium\"]","context":"","multiple":false}
[38;5;32m[AndroidUiautomator2Driver@6051 (349b0fde)][0m Got response with status 200: {"sessionId":"69861a23-3849-4c7c-83cb-f6768e41ef48","value":{"ELEMENT":"00000000-0000-0044-ffff-ffff00000044","element-6066-11e4-a52e-4f735466cecf":"00000000-0000-0044-ffff-ffff00000044"}}
[38;5;32m[AndroidUiautomator2Driver@6051 (349b0fde)][0m Responding to client with driver.findElement() result: {"element-6066-11e4-a52e-4f735466cecf":"00000000-0000-0044-ffff-ffff00000044","ELEMENT":"00000000-0000-0044-ffff-ffff00000044"}
[38;5;0m[HTTP][0m [37m<-- POST /session/349b0fde-7add-4f3c-a907-4f608e9d3d6c/element [39m[32m200[39m [90m328 ms - 137[39m
[38;5;0m[HTTP][0m [90m[39m
[38;5;0m[HTTP][0m [37m-->[39m [37mPOST[39m [37m/session/349b0fde-7add-4f3c-a907-4f608e9d3d6c/element/00000000-0000-0044-ffff-ffff00000044/click[39m
[38;5;0m[HTTP][0m [90m{}[39m
[38;5;32m[AndroidUiautomator2Driver@6051 (349b0fde)][0m Calling AppiumDriver.click() with args: ["00000000-0000-0044-ffff-ffff00000044","349b0fde-7add-4f3c-a907-4f608e9d3d6c"]
[38;5;32m[AndroidUiautomator2Driver@6051 (349b0fde)][0m Matched '/element/00000000-0000-0044-ffff-ffff00000044/click' to command name 'click'
[38;5;32m[AndroidUiautomator2Driver@6051 (349b0fde)][0m Proxying [POST /element/00000000-0000-0044-ffff-ffff00000044/click] to [POST http://127.0.0.1:8200/session/69861a23-3849-4c7c-83cb-f6768e41ef48/element/00000000-0000-0044-ffff-ffff00000044/click] with body: {"element":"00000000-0000-0044-ffff-ffff00000044"}
[38;5;32m[AndroidUiautomator2Driver@6051 (349b0fde)][0m Got response with status 200: {"sessionId":"69861a23-3849-4c7c-83cb-f6768e41ef48","value":null}
[38;5;32m[AndroidUiautomator2Driver@6051 (349b0fde)][0m Responding to client with driver.click() result: null
[38;5;0m[HTTP][0m [37m<-- POST /session/349b0fde-7add-4f3c-a907-4f608e9d3d6c/element/00000000-0000-0044-ffff-ffff00000044/click [39m[32m200[39m [90m90 ms - 14[39m
[38;5;0m[HTTP][0m [90m[39m
[38;5;0m[HTTP][0m [37m-->[39m [37mPOST[39m [37m/session/349b0fde-7add-4f3c-a907-4f608e9d3d6c/element[39m
[38;5;0m[HTTP][0m [90m{"using":"xpath","value":"//android.widget.Button[@resource-id=\"com.fghilmany.dietmealapp:id/bt_finish\"]"}[39m
[38;5;32m[AndroidUiautomator2Driver@6051 (349b0fde)][0m Calling AppiumDriver.findElement() with args: ["xpath","//android.widget.Button[@resource-id=\"com.fghilmany.dietmealapp:id/bt_finish\"]","349b0fde-7add-4f3c-a907-4f608e9d3d6c"]
[38;5;32m[AndroidUiautomator2Driver@6051 (349b0fde)][0m Valid locator strategies for this request: xpath, id, class name, accessibility id, css selector, -android uiautomator
[38;5;32m[AndroidUiautomator2Driver@6051 (349b0fde)][0m Waiting up to 0 ms for condition
[38;5;32m[AndroidUiautomator2Driver@6051 (349b0fde)][0m Matched '/element' to command name 'findElement'
[38;5;32m[AndroidUiautomator2Driver@6051 (349b0fde)][0m Proxying [POST /element] to [POST http://127.0.0.1:8200/session/69861a23-3849-4c7c-83cb-f6768e41ef48/element] with body: {"strategy":"xpath","selector":"//android.widget.Button[@resource-id=\"com.fghilmany.dietmealapp:id/bt_finish\"]","context":"","multiple":false}
[38;5;32m[AndroidUiautomator2Driver@6051 (349b0fde)][0m Got response with status 200: {"sessionId":"69861a23-3849-4c7c-83cb-f6768e41ef48","value":{"ELEMENT":"00000000-0000-0044-ffff-ffff00000048","element-6066-11e4-a52e-4f735466cecf":"00000000-0000-0044-ffff-ffff00000048"}}
[38;5;32m[AndroidUiautomator2Driver@6051 (349b0fde)][0m Responding to client with driver.findElement() result: {"element-6066-11e4-a52e-4f735466cecf":"00000000-0000-0044-ffff-ffff00000048","ELEMENT":"00000000-0000-0044-ffff-ffff00000048"}
[38;5;0m[HTTP][0m [37m<-- POST /session/349b0fde-7add-4f3c-a907-4f608e9d3d6c/element [39m[32m200[39m [90m898 ms - 137[39m
[38;5;0m[HTTP][0m [90m[39m
[38;5;0m[HTTP][0m [37m-->[39m [37mPOST[39m [37m/session/349b0fde-7add-4f3c-a907-4f608e9d3d6c/element/00000000-0000-0044-ffff-ffff00000048/click[39m
[38;5;0m[HTTP][0m [90m{}[39m
[38;5;32m[AndroidUiautomator2Driver@6051 (349b0fde)][0m Calling AppiumDriver.click() with args: ["00000000-0000-0044-ffff-ffff00000048","349b0fde-7add-4f3c-a907-4f608e9d3d6c"]
[38;5;32m[AndroidUiautomator2Driver@6051 (349b0fde)][0m Matched '/element/00000000-0000-0044-ffff-ffff00000048/click' to command name 'click'
[38;5;32m[AndroidUiautomator2Driver@6051 (349b0fde)][0m Proxying [POST /element/00000000-0000-0044-ffff-ffff00000048/click] to [POST http://127.0.0.1:8200/session/69861a23-3849-4c7c-83cb-f6768e41ef48/element/00000000-0000-0044-ffff-ffff00000048/click] with body: {"element":"00000000-0000-0044-ffff-ffff00000048"}
[38;5;32m[AndroidUiautomator2Driver@6051 (349b0fde)][0m Got response with status 200: {"sessionId":"69861a23-3849-4c7c-83cb-f6768e41ef48","value":null}
[38;5;32m[AndroidUiautomator2Driver@6051 (349b0fde)][0m Responding to client with driver.click() result: null
[38;5;0m[HTTP][0m [37m<-- POST /session/349b0fde-7add-4f3c-a907-4f608e9d3d6c/element/00000000-0000-0044-ffff-ffff00000048/click [39m[32m200[39m [90m92 ms - 14[39m
[38;5;0m[HTTP][0m [90m[39m
[38;5;0m[HTTP][0m [37m-->[39m [37mPOST[39m [37m/session/349b0fde-7add-4f3c-a907-4f608e9d3d6c/element[39m
[38;5;0m[HTTP][0m [90m{"using":"xpath","value":"//android.widget.FrameLayout[@content-desc=\"Home\"]"}[39m
[38;5;32m[AndroidUiautomator2Driver@6051 (349b0fde)][0m Calling AppiumDriver.findElement() with args: ["xpath","//android.widget.FrameLayout[@content-desc=\"Home\"]","349b0fde-7add-4f3c-a907-4f608e9d3d6c"]
[38;5;32m[AndroidUiautomator2Driver@6051 (349b0fde)][0m Valid locator strategies for this request: xpath, id, class name, accessibility id, css selector, -android uiautomator
[38;5;32m[AndroidUiautomator2Driver@6051 (349b0fde)][0m Waiting up to 0 ms for condition
[38;5;32m[AndroidUiautomator2Driver@6051 (349b0fde)][0m Matched '/element' to command name 'findElement'
[38;5;32m[AndroidUiautomator2Driver@6051 (349b0fde)][0m Proxying [POST /element] to [POST http://127.0.0.1:8200/session/69861a23-3849-4c7c-83cb-f6768e41ef48/element] with body: {"strategy":"xpath","selector":"//android.widget.FrameLayout[@content-desc=\"Home\"]","context":"","multiple":false}
[38;5;32m[AndroidUiautomator2Driver@6051 (349b0fde)][0m Got response with status 404: {"sessionId":"69861a23-3849-4c7c-83cb-f6768e41ef48","value":{"error":"no such element","message":"An element could not be located on the page using the given search parameters","stacktrace":"io.appium.uiautomator2.common.exceptions.ElementNotFoundException: An element could not be located on the page using the given search parameters\n\tat io.appium.uiautomator2.utils.ElementLocationHelpers.findElement(ElementLocationHelpers.java:156)\n\tat io.appium.uiautomator2.handler.FindElement.safeHandle(FindElement.java:60)\n\tat io.appium.uiautomator2.handler.request.SafeRequestHandler.handle(SafeRequestHandler.java:59)\n\tat io.appium.uiautomator2.server.AppiumServlet.handleRequest(AppiumServlet.java:277)\n\tat io.appium.uiautomator2.server.AppiumServlet.handleHttpRequest(AppiumServlet.java:271)\n\tat io.appium.uiautomator2.http.ServerHandler.channelRead(ServerHandler.java:77)\n\tat io.netty.channel.AbstractChannelHandlerContext.invokeChannelRead(AbstractChannelHandlerContext.java:366)\n\tat io.netty.channel.Abstr...
[38;5;112m[W3C][0m Matched W3C error code 'no such element' to NoSuchElementError
[38;5;32m[AndroidUiautomator2Driver@6051 (349b0fde)][0m Encountered internal error running command: NoSuchElementError: An element could not be located on the page using the given search parameters.
[38;5;32m[AndroidUiautomator2Driver@6051 (349b0fde)][0m     at AndroidUiautomator2Driver.findElOrEls (C:\Users\nadia.natasa\sanbers\diet-meal\node_modules\appium-uiautomator2-driver\node_modules\appium-android-driver\lib\commands\find.ts:86:11)
[38;5;32m[AndroidUiautomator2Driver@6051 (349b0fde)][0m     at processTicksAndRejections (node:internal/process/task_queues:95:5)
[38;5;32m[AndroidUiautomator2Driver@6051 (349b0fde)][0m     at AndroidUiautomator2Driver.findElOrElsWithProcessing (C:\Users\nadia.natasa\sanbers\diet-meal\node_modules\appium-uiautomator2-driver\node_modules\@appium\base-driver\lib\basedriver\commands\find.ts:60:12)
[38;5;32m[AndroidUiautomator2Driver@6051 (349b0fde)][0m     at AndroidUiautomator2Driver.findElement (C:\Users\nadia.natasa\sanbers\diet-meal\node_modules\appium-uiautomator2-driver\node_modules\@appium\base-driver\lib\basedriver\commands\find.ts:75:12)
[38;5;0m[HTTP][0m [37m<-- POST /session/349b0fde-7add-4f3c-a907-4f608e9d3d6c/element [39m[33m404[39m [90m1554 ms - 956[39m
[38;5;0m[HTTP][0m [90m[39m
[38;5;0m[HTTP][0m [37m-->[39m [37mPOST[39m [37m/session/349b0fde-7add-4f3c-a907-4f608e9d3d6c/elements[39m
[38;5;0m[HTTP][0m [90m{"using":"xpath","value":"//android.widget.FrameLayout[@content-desc=\"Home\"]"}[39m
[38;5;32m[AndroidUiautomator2Driver@6051 (349b0fde)][0m Calling AppiumDriver.findElements() with args: ["xpath","//android.widget.FrameLayout[@content-desc=\"Home\"]","349b0fde-7add-4f3c-a907-4f608e9d3d6c"]
[38;5;32m[AndroidUiautomator2Driver@6051 (349b0fde)][0m Valid locator strategies for this request: xpath, id, class name, accessibility id, css selector, -android uiautomator
[38;5;32m[AndroidUiautomator2Driver@6051 (349b0fde)][0m Waiting up to 0 ms for condition
[38;5;32m[AndroidUiautomator2Driver@6051 (349b0fde)][0m Matched '/elements' to command name 'findElements'
[38;5;32m[AndroidUiautomator2Driver@6051 (349b0fde)][0m Proxying [POST /elements] to [POST http://127.0.0.1:8200/session/69861a23-3849-4c7c-83cb-f6768e41ef48/elements] with body: {"strategy":"xpath","selector":"//android.widget.FrameLayout[@content-desc=\"Home\"]","context":"","multiple":true}
[38;5;32m[AndroidUiautomator2Driver@6051 (349b0fde)][0m Got response with status 200: {"sessionId":"69861a23-3849-4c7c-83cb-f6768e41ef48","value":[{"ELEMENT":"00000000-0000-0045-ffff-ffff00000052","element-6066-11e4-a52e-4f735466cecf":"00000000-0000-0045-ffff-ffff00000052"}]}
[38;5;32m[AndroidUiautomator2Driver@6051 (349b0fde)][0m Responding to client with driver.findElements() result: [{"element-6066-11e4-a52e-4f735466cecf":"00000000-0000-0045-ffff-ffff00000052","ELEMENT":"00000000-0000-0045-ffff-ffff00000052"}]
[38;5;0m[HTTP][0m [37m<-- POST /session/349b0fde-7add-4f3c-a907-4f608e9d3d6c/elements [39m[32m200[39m [90m1974 ms - 139[39m
[38;5;0m[HTTP][0m [90m[39m
[38;5;0m[HTTP][0m [37m-->[39m [37mPOST[39m [37m/session/349b0fde-7add-4f3c-a907-4f608e9d3d6c/element[39m
[38;5;0m[HTTP][0m [90m{"using":"xpath","value":"//android.widget.FrameLayout[@content-desc=\"Home\"]"}[39m
[38;5;32m[AndroidUiautomator2Driver@6051 (349b0fde)][0m Calling AppiumDriver.findElement() with args: ["xpath","//android.widget.FrameLayout[@content-desc=\"Home\"]","349b0fde-7add-4f3c-a907-4f608e9d3d6c"]
[38;5;32m[AndroidUiautomator2Driver@6051 (349b0fde)][0m Valid locator strategies for this request: xpath, id, class name, accessibility id, css selector, -android uiautomator
[38;5;32m[AndroidUiautomator2Driver@6051 (349b0fde)][0m Waiting up to 0 ms for condition
[38;5;32m[AndroidUiautomator2Driver@6051 (349b0fde)][0m Matched '/element' to command name 'findElement'
[38;5;32m[AndroidUiautomator2Driver@6051 (349b0fde)][0m Proxying [POST /element] to [POST http://127.0.0.1:8200/session/69861a23-3849-4c7c-83cb-f6768e41ef48/element] with body: {"strategy":"xpath","selector":"//android.widget.FrameLayout[@content-desc=\"Home\"]","context":"","multiple":false}
[38;5;32m[AndroidUiautomator2Driver@6051 (349b0fde)][0m Got response with status 200: {"sessionId":"69861a23-3849-4c7c-83cb-f6768e41ef48","value":{"ELEMENT":"00000000-0000-0045-ffff-ffff00000052","element-6066-11e4-a52e-4f735466cecf":"00000000-0000-0045-ffff-ffff00000052"}}
[38;5;32m[AndroidUiautomator2Driver@6051 (349b0fde)][0m Responding to client with driver.findElement() result: {"element-6066-11e4-a52e-4f735466cecf":"00000000-0000-0045-ffff-ffff00000052","ELEMENT":"00000000-0000-0045-ffff-ffff00000052"}
[38;5;0m[HTTP][0m [37m<-- POST /session/349b0fde-7add-4f3c-a907-4f608e9d3d6c/element [39m[32m200[39m [90m1097 ms - 137[39m
[38;5;0m[HTTP][0m [90m[39m
[38;5;0m[HTTP][0m [37m-->[39m [37mGET[39m [37m/session/349b0fde-7add-4f3c-a907-4f608e9d3d6c/element/00000000-0000-0045-ffff-ffff00000052/attribute/selected[39m
[38;5;0m[HTTP][0m [90m{}[39m
[38;5;32m[AndroidUiautomator2Driver@6051 (349b0fde)][0m Calling AppiumDriver.getAttribute() with args: ["selected","00000000-0000-0045-ffff-ffff00000052","349b0fde-7add-4f3c-a907-4f608e9d3d6c"]
[38;5;32m[AndroidUiautomator2Driver@6051 (349b0fde)][0m Matched '/element/00000000-0000-0045-ffff-ffff00000052/attribute/selected' to command name 'getAttribute'
[38;5;32m[AndroidUiautomator2Driver@6051 (349b0fde)][0m Proxying [GET /element/00000000-0000-0045-ffff-ffff00000052/attribute/selected] to [GET http://127.0.0.1:8200/session/69861a23-3849-4c7c-83cb-f6768e41ef48/element/00000000-0000-0045-ffff-ffff00000052/attribute/selected] with no body
[38;5;32m[AndroidUiautomator2Driver@6051 (349b0fde)][0m Got response with status 200: {"sessionId":"69861a23-3849-4c7c-83cb-f6768e41ef48","value":"true"}
[38;5;32m[AndroidUiautomator2Driver@6051 (349b0fde)][0m Responding to client with driver.getAttribute() result: "true"
[38;5;0m[HTTP][0m [37m<-- GET /session/349b0fde-7add-4f3c-a907-4f608e9d3d6c/element/00000000-0000-0045-ffff-ffff00000052/attribute/selected [39m[32m200[39m [90m42 ms - 16[39m
[38;5;0m[HTTP][0m [90m[39m
[38;5;0m[HTTP][0m [37m-->[39m [37mDELETE[39m [37m/session/349b0fde-7add-4f3c-a907-4f608e9d3d6c[39m
[38;5;0m[HTTP][0m [90m{}[39m
[38;5;32m[AndroidUiautomator2Driver@6051 (349b0fde)][0m Calling AppiumDriver.deleteSession() with args: ["349b0fde-7add-4f3c-a907-4f608e9d3d6c"]
[38;5;16m[AppiumDriver@7312][0m Event 'quitSessionRequested' logged at 1717128717430 (11:11:57 GMT+0700 (Indochina Time))
[38;5;16m[AppiumDriver@7312][0m Removing session 349b0fde-7add-4f3c-a907-4f608e9d3d6c from our master session list
[38;5;32m[AndroidUiautomator2Driver@6051 (349b0fde)][0m Deleting UiAutomator2 session
[38;5;32m[AndroidUiautomator2Driver@6051 (349b0fde)][0m Deleting UiAutomator2 server session
[38;5;32m[AndroidUiautomator2Driver@6051 (349b0fde)][0m Matched '/' to command name 'deleteSession'
[38;5;32m[AndroidUiautomator2Driver@6051 (349b0fde)][0m Proxying [DELETE /] to [DELETE http://127.0.0.1:8200/session/69861a23-3849-4c7c-83cb-f6768e41ef48] with no body
[38;5;32m[AndroidUiautomator2Driver@6051 (349b0fde)][0m Got response with status 200: {"sessionId":"69861a23-3849-4c7c-83cb-f6768e41ef48","value":null}
[38;5;48m[ADB][0m Running 'C:\Users\nadia.natasa\AppData\Local\Android\Sdk\platform-tools\adb.exe -P 5037 -s RR8W3038G4T shell dumpsys activity services io.appium.settings/.recorder.RecorderService'
[38;5;80m[Logcat][0m Stopping logcat capture
[38;5;48m[ADB][0m Removing forwarded port socket connection: 8200 
[38;5;48m[ADB][0m Running 'C:\Users\nadia.natasa\AppData\Local\Android\Sdk\platform-tools\adb.exe -P 5037 -s RR8W3038G4T forward --remove tcp:8200'
[38;5;32m[AndroidUiautomator2Driver@6051 (349b0fde)][0m Restoring hidden api policy to the device default configuration
[38;5;48m[ADB][0m Running 'C:\Users\nadia.natasa\AppData\Local\Android\Sdk\platform-tools\adb.exe -P 5037 -s RR8W3038G4T shell 'settings delete global hidden_api_policy_pre_p_apps;settings delete global hidden_api_policy_p_apps;settings delete global hidden_api_policy''
[38;5;16m[AppiumDriver@7312][0m Event 'quitSessionFinished' logged at 1717128717881 (11:11:57 GMT+0700 (Indochina Time))
[38;5;16m[AppiumDriver@7312][0m Received response: null
[38;5;16m[AppiumDriver@7312][0m But deleting session, so not returning
[38;5;16m[AppiumDriver@7312][0m Responding to client with driver.deleteSession() result: null
[38;5;0m[HTTP][0m [37m<-- DELETE /session/349b0fde-7add-4f3c-a907-4f608e9d3d6c [39m[32m200[39m [90m453 ms - 14[39m
[38;5;0m[HTTP][0m [90m[39m
[38;5;96m[Instrumentation][0m .
[38;5;96m[Instrumentation][0m Time: 23.089
